TN:
SF:src\index.mjs
FN:5,ParallaxProvider
FN:11,init
FN:39,listenToScroll
FNF:3
FNH:3
FNDA:8,ParallaxProvider
FNDA:8,init
FNDA:8,listenToScroll
DA:1,1
DA:2,1
DA:3,1
DA:4,1
DA:5,1
DA:6,8
DA:7,8
DA:8,8
DA:9,8
DA:10,8
DA:11,1
DA:12,8
DA:13,8
DA:14,16
DA:15,16
DA:16,16
DA:17,16
DA:18,8
DA:19,16
DA:20,16
DA:21,16
DA:22,16
DA:23,8
DA:24,8
DA:25,8
DA:26,8
DA:27,16
DA:28,16
DA:29,16
DA:30,16
DA:31,16
DA:32,16
DA:33,8
DA:34,8
DA:35,8
DA:36,8
DA:37,8
DA:38,1
DA:39,1
DA:40,8
DA:41,7
DA:42,7
DA:43,7
DA:44,7
DA:45,14
DA:46,14
DA:47,14
DA:48,14
DA:49,14
DA:50,14
DA:51,14
DA:52,14
DA:53,14
DA:54,14
DA:55,7
DA:56,8
DA:57,8
DA:58,1
LF:58
LH:58
BRDA:5,0,0,8
BRDA:11,1,0,8
BRDA:13,2,0,16
BRDA:18,3,0,8
BRDA:19,4,0,8
BRDA:22,5,0,8
BRDA:39,6,0,8
BRDA:40,7,0,7
BRDA:44,8,0,14
BRF:9
BRH:9
end_of_record
